21:24:46 **** Incremental Build of configuration Debug for project NUCLEO ****
make -j4 all 
arm-none-eabi-size   NUCLEO.elf 
   text	   data	    bss	    dec	    hex	filename
  24816	    128	   2096	  27040	   69a0	NUCLEO.elf
Finished building: default.size.stdout
 
21:24:54 **** Incremental Build of configuration Debug for project NUCLEO ****
make -j4 all 
arm-none-eabi-size   NUCLEO.elf 
   text	   data	    bss	    dec	    hex	filename
  24816	    128	   2096	  27040	   69a0	NUCLEO.elf
Finished building: default.size.stdout
 
21:24:55 **** Incremental Build of configuration Debug for project lab1 ****
make -j4 all 
arm-none-eabi-size   lab1.elf 
   text	   data	    bss	    dec	    hex	filename
  15100	     20	   1716	  16836	   41c4	lab1.elf
Finished building: default.size.stdout
 
21:24:55 **** Incremental Build of configuration Debug for project lab2 ****
make -j4 all 
arm-none-eabi-gcc "../Core/Src/main.c" -mcpu=cortex-m4 -std=gnu11 -g3 -DDEBUG -DUSE_HAL_DRIVER -DSTM32F303xE -c -I../Core/Inc -I../Drivers/STM32F3xx_HAL_Driver/Inc -I../Drivers/STM32F3xx_HAL_Driver/Inc/Legacy -I../Drivers/CMSIS/Device/ST/STM32F3xx/Include -I../Drivers/CMSIS/Include -O0 -ffunction-sections -fdata-sections -Wall -fstack-usage -MMD -MP -MF"Core/Src/main.d" -MT"Core/Src/main.o" --specs=nano.specs -mfpu=fpv4-sp-d16 -mfloat-abi=hard -mthumb -o "Core/Src/main.o"
../Core/Src/main.c:48:15: error: 'LENTX' undeclared here (not in a function)
   48 | uint8_t bf_tx[LENTX];
      |               ^~~~~
../Core/Src/main.c: In function 'USART_kbhit':
../Core/Src/main.c:106:7: error: 'USART_RX_Empty' undeclared (first use in this function); did you mean 'USART_RX_Pin'?
  106 |    if(USART_RX_Empty == USART_RX_Busy){
      |       ^~~~~~~~~~~~~~
      |       USART_RX_Pin
../Core/Src/main.c:106:7: note: each undeclared identifier is reported only once for each function it appears in
../Core/Src/main.c:106:25: error: 'USART_RX_Busy' undeclared (first use in this function); did you mean 'USART_RX_Pin'?
  106 |    if(USART_RX_Empty == USART_RX_Busy){
      |                         ^~~~~~~~~~~~~
      |                         USART_RX_Pin
../Core/Src/main.c: In function 'USART_getchar':
../Core/Src/main.c:117:7: error: 'USART_RX_Empty' undeclared (first use in this function); did you mean 'USART_RX_Pin'?
  117 |    if(USART_RX_Empty != USART_RX_Busy){
      |       ^~~~~~~~~~~~~~
      |       USART_RX_Pin
../Core/Src/main.c:117:25: error: 'USART_RX_Busy' undeclared (first use in this function); did you mean 'USART_RX_Pin'?
  117 |    if(USART_RX_Empty != USART_RX_Busy){
      |                         ^~~~~~~~~~~~~
      |                         USART_RX_Pin
../Core/Src/main.c:118:10: error: 'USART_RxBuf' undeclared (first use in this function)
  118 |     temp=USART_RxBuf[USART_RX_Busy];
      |          ^~~~~~~~~~~
../Core/Src/main.c:121:25: error: 'USART_RXBUF_LEN' undeclared (first use in this function); did you mean 'USART_RTOR_BLEN'?
  121 |     if(USART_RX_Busy >= USART_RXBUF_LEN){
      |                         ^~~~~~~~~~~~~~~
      |                         USART_RTOR_BLEN
../Core/Src/main.c:122:6: error: 'USART_TX_Busy' undeclared (first use in this function); did you mean 'USART_TX_Pin'?
  122 |      USART_TX_Busy = 0;
      |      ^~~~~~~~~~~~~
      |      USART_TX_Pin
../Core/Src/main.c:124:12: error: 'tmp' undeclared (first use in this function); did you mean 'temp'?
  124 |     return tmp;
      |            ^~~
      |            temp
../Core/Src/main.c:116:12: warning: variable 'temp' set but not used [-Wunused-but-set-variable]
  116 |    uint8_t temp;
      |            ^~~~
At top level:
../Core/Src/main.c:115:12: warning: 'USART_getchar' defined but not used [-Wunused-function]
  115 |   uint16_t USART_getchar(){
      |            ^~~~~~~~~~~~~
../Core/Src/main.c:105:11: warning: 'USART_kbhit' defined but not used [-Wunused-function]
  105 |   uint8_t USART_kbhit(){
      |           ^~~~~~~~~~~
../Core/Src/main.c:100:8: warning: 'HAL_UART_RxCpltCallback' defined but not used [-Wunused-function]
  100 |   void HAL_UART_RxCpltCallback(void)
      |        ^~~~~~~~~~~~~~~~~~~~~~~
../Core/Src/main.c:96:8: warning: 'HAL_UART_TxCpltCallback' defined but not used [-Wunused-function]
   96 |   void HAL_UART_TxCpltCallback(UART_HandleTypeDef *huart)
      |        ^~~~~~~~~~~~~~~~~~~~~~~
make: *** [Core/Src/subdir.mk:43: Core/Src/main.o] Error 1
"make -j4 all" terminated with exit code 2. Build might be incomplete.
21:25:59 **** Incremental Build of configuration Debug for project NUCLEO ****
make -j4 all 
arm-none-eabi-size   NUCLEO.elf 
   text	   data	    bss	    dec	    hex	filename
  24816	    128	   2096	  27040	   69a0	NUCLEO.elf
Finished building: default.size.stdout
 
21:26:00 **** Incremental Build of configuration Debug for project lab1 ****
make -j4 all 
arm-none-eabi-size   lab1.elf 
   text	   data	    bss	    dec	    hex	filename
  15100	     20	   1716	  16836	   41c4	lab1.elf
Finished building: default.size.stdout
 
21:28:55 **** Incremental Build of configuration Debug for project NUCLEO ****
make -j4 all 
arm-none-eabi-gcc "../Core/Src/main.c" -mcpu=cortex-m4 -std=gnu11 -g3 -DDEBUG -DUSE_HAL_DRIVER -DSTM32F303xE -c -I../Drivers/STM32F3xx_HAL_Driver/Inc -I../Drivers/CMSIS/Include -I../Core/Inc -I../Drivers/STM32F3xx_HAL_Driver/Inc/Legacy -I../Drivers/CMSIS/Device/ST/STM32F3xx/Include -O0 -ffunction-sections -fdata-sections -Wall -fstack-usage -MMD -MP -MF"Core/Src/main.d" -MT"Core/Src/main.o" --specs=nano.specs -mfpu=fpv4-sp-d16 -mfloat-abi=hard -mthumb -o "Core/Src/main.o"
../Core/Src/main.c: In function 'HAL_RTCEx_WakeUpTimerEventCallback':
../Core/Src/main.c:119:6: warning: assignment to 'uint16_t *' {aka 'short unsigned int *'} from incompatible pointer type 'int *' [-Wincompatible-pointer-types]
  119 |   hr = &hour;
      |      ^
../Core/Src/main.c:114:11: warning: unused variable 'hours' [-Wunused-variable]
  114 |   uint8_t hours = sTime.Hours;
      |           ^~~~~
../Core/Src/main.c:107:10: warning: variable 'size' set but not used [-Wunused-but-set-variable]
  107 |   size_t size;
      |          ^~~~
../Core/Src/main.c: In function 'HAL_UART_RxCpltCallback':
../Core/Src/main.c:162:23: warning: pointer targets in passing argument 2 of 'strcpy' differ in signedness [-Wpointer-sign]
  162 |       strcpy(command, Rx_data);
      |                       ^~~~~~~
      |                       |
      |                       uint8_t * {aka unsigned char *}
In file included from ../Core/Src/main.c:32:
f:\stm32cubeide_1.7.0\stm32cubeide\stm32cubeide_1.7.0\stm32cubeide\plugins\com.st.stm32cube.ide.mcu.externaltools.gnu-tools-for-stm32.9-2020-q2-update.win32_2.0.0.202105311346\tools\arm-none-eabi\include\string.h:38:8: note: expected 'const char * restrict' but argument is of type 'uint8_t *' {aka 'unsigned char *'}
   38 | char  *strcpy (char *__restrict, const char *__restrict);
      |        ^~~~~~
../Core/Src/main.c:174:13: warning: pointer targets in passing argument 1 of 'sprintf' differ in signedness [-Wpointer-sign]
  174 |     sprintf(Tx_data, "Niepoprawna komenda\n");
      |             ^~~~~~~
      |             |
      |             uint8_t * {aka unsigned char *}
In file included from ../Core/Src/main.c:29:
f:\stm32cubeide_1.7.0\stm32cubeide\stm32cubeide_1.7.0\stm32cubeide\plugins\com.st.stm32cube.ide.mcu.externaltools.gnu-tools-for-stm32.9-2020-q2-update.win32_2.0.0.202105311346\tools\arm-none-eabi\include\stdio.h:244:14: note: expected 'char * restrict' but argument is of type 'uint8_t *' {aka 'unsigned char *'}
  244 | int sprintf (char *__restrict, const char *__restrict, ...)
      |              ^
../Core/Src/main.c: In function 'main':
../Core/Src/main.c:222:3: warning: braces around scalar initializer
  222 |   static GPIO_TypeDef* leds0[2] = {{BIA_GPIO_Port}, {BRO_GPIO_Port}};
      |   ^~~~~~
../Core/Src/main.c:222:3: note: (near initialization for 'leds0[0]')
../Core/Src/main.c:222:3: warning: braces around scalar initializer
../Core/Src/main.c:222:3: note: (near initialization for 'leds0[1]')
../Core/Src/main.c:223:3: warning: braces around scalar initializer
  223 |   static uint16_t leds0_pins[2] = {{BIA_Pin}, {BRO_Pin}};
      |   ^~~~~~
../Core/Src/main.c:223:3: note: (near initialization for 'leds0_pins[0]')
../Core/Src/main.c:223:3: warning: braces around scalar initializer
../Core/Src/main.c:223:3: note: (near initialization for 'leds0_pins[1]')
../Core/Src/main.c:228:11: warning: unused variable 'size' [-Wunused-variable]
  228 |   uint8_t size;
      |           ^~~~
../Core/Src/main.c:227:8: warning: unused variable 'mess' [-Wunused-variable]
  227 |   char mess[50];
      |        ^~~~
../Core/Src/main.c:223:19: warning: unused variable 'leds0_pins' [-Wunused-variable]
  223 |   static uint16_t leds0_pins[2] = {{BIA_Pin}, {BRO_Pin}};
      |                   ^~~~~~~~~~
At top level:
../Core/Src/main.c:223:19: warning: 'leds0_pins' defined but not used [-Wunused-variable]
arm-none-eabi-gcc -o "NUCLEO.elf" @"objects.list"   -mcpu=cortex-m4 -T"F:\cube ide\NUCLEO\STM32F303RETX_FLASH.ld" --specs=nosys.specs -Wl,-Map="NUCLEO.map" -Wl,--gc-sections -static --specs=nano.specs -mfpu=fpv4-sp-d16 -mfloat-abi=hard -mthumb -Wl,--start-group -lc -lm -Wl,--end-group
Finished building target: NUCLEO.elf
 
arm-none-eabi-size   NUCLEO.elf 
arm-none-eabi-objdump -h -S  NUCLEO.elf  > "NUCLEO.list"
arm-none-eabi-objcopy  -O binary  NUCLEO.elf  "NUCLEO.bin"
   text	   data	    bss	    dec	    hex	filename
  25464	    128	   2096	  27688	   6c28	NUCLEO.elf
Finished building: default.size.stdout
 
Finished building: NUCLEO.bin
 
Finished building: NUCLEO.list
 
21:28:57 **** Incremental Build of configuration Debug for project lab1 ****
make -j4 all 
arm-none-eabi-size   lab1.elf 
   text	   data	    bss	    dec	    hex	filename
  15100	     20	   1716	  16836	   41c4	lab1.elf
Finished building: default.size.stdout
 
21:29:16 **** Incremental Build of configuration Debug for project NUCLEO ****
make -j4 all 
arm-none-eabi-size   NUCLEO.elf 
   text	   data	    bss	    dec	    hex	filename
  25464	    128	   2096	  27688	   6c28	NUCLEO.elf
Finished building: default.size.stdout
 
21:31:35 **** Incremental Build of configuration Debug for project NUCLEO ****
make -j4 all 
arm-none-eabi-gcc "../Core/Src/main.c" -mcpu=cortex-m4 -std=gnu11 -g3 -DDEBUG -DUSE_HAL_DRIVER -DSTM32F303xE -c -I../Drivers/STM32F3xx_HAL_Driver/Inc -I../Drivers/CMSIS/Include -I../Core/Inc -I../Drivers/STM32F3xx_HAL_Driver/Inc/Legacy -I../Drivers/CMSIS/Device/ST/STM32F3xx/Include -O0 -ffunction-sections -fdata-sections -Wall -fstack-usage -MMD -MP -MF"Core/Src/main.d" -MT"Core/Src/main.o" --specs=nano.specs -mfpu=fpv4-sp-d16 -mfloat-abi=hard -mthumb -o "Core/Src/main.o"
../Core/Src/main.c: In function 'HAL_RTCEx_WakeUpTimerEventCallback':
../Core/Src/main.c:119:6: warning: assignment to 'uint16_t *' {aka 'short unsigned int *'} from incompatible pointer type 'int *' [-Wincompatible-pointer-types]
  119 |   hr = &hour;
      |      ^
../Core/Src/main.c:114:11: warning: unused variable 'hours' [-Wunused-variable]
  114 |   uint8_t hours = sTime.Hours;
      |           ^~~~~
../Core/Src/main.c:107:10: warning: variable 'size' set but not used [-Wunused-but-set-variable]
  107 |   size_t size;
      |          ^~~~
../Core/Src/main.c: In function 'HAL_UART_RxCpltCallback':
../Core/Src/main.c:163:23: warning: pointer targets in passing argument 2 of 'strcpy' differ in signedness [-Wpointer-sign]
  163 |       strcpy(command, Rx_data);
      |                       ^~~~~~~
      |                       |
      |                       uint8_t * {aka unsigned char *}
In file included from ../Core/Src/main.c:32:
f:\stm32cubeide_1.7.0\stm32cubeide\stm32cubeide_1.7.0\stm32cubeide\plugins\com.st.stm32cube.ide.mcu.externaltools.gnu-tools-for-stm32.9-2020-q2-update.win32_2.0.0.202105311346\tools\arm-none-eabi\include\string.h:38:8: note: expected 'const char * restrict' but argument is of type 'uint8_t *' {aka 'unsigned char *'}
   38 | char  *strcpy (char *__restrict, const char *__restrict);
      |        ^~~~~~
../Core/Src/main.c:175:13: warning: pointer targets in passing argument 1 of 'sprintf' differ in signedness [-Wpointer-sign]
  175 |     sprintf(Tx_data, "Niepoprawna komenda\n");
      |             ^~~~~~~
      |             |
      |             uint8_t * {aka unsigned char *}
In file included from ../Core/Src/main.c:29:
f:\stm32cubeide_1.7.0\stm32cubeide\stm32cubeide_1.7.0\stm32cubeide\plugins\com.st.stm32cube.ide.mcu.externaltools.gnu-tools-for-stm32.9-2020-q2-update.win32_2.0.0.202105311346\tools\arm-none-eabi\include\stdio.h:244:14: note: expected 'char * restrict' but argument is of type 'uint8_t *' {aka 'unsigned char *'}
  244 | int sprintf (char *__restrict, const char *__restrict, ...)
      |              ^
../Core/Src/main.c: In function 'main':
../Core/Src/main.c:224:3: warning: braces around scalar initializer
  224 |   static GPIO_TypeDef* leds0[2] = {{BIA_GPIO_Port}, {BRO_GPIO_Port}};
      |   ^~~~~~
../Core/Src/main.c:224:3: note: (near initialization for 'leds0[0]')
../Core/Src/main.c:224:3: warning: braces around scalar initializer
../Core/Src/main.c:224:3: note: (near initialization for 'leds0[1]')
../Core/Src/main.c:225:3: warning: braces around scalar initializer
  225 |   static uint16_t leds0_pins[2] = {{BIA_Pin}, {BRO_Pin}};
      |   ^~~~~~
../Core/Src/main.c:225:3: note: (near initialization for 'leds0_pins[0]')
../Core/Src/main.c:225:3: warning: braces around scalar initializer
../Core/Src/main.c:225:3: note: (near initialization for 'leds0_pins[1]')
../Core/Src/main.c:230:11: warning: unused variable 'size' [-Wunused-variable]
  230 |   uint8_t size;
      |           ^~~~
../Core/Src/main.c:229:8: warning: unused variable 'mess' [-Wunused-variable]
  229 |   char mess[50];
      |        ^~~~
../Core/Src/main.c:225:19: warning: unused variable 'leds0_pins' [-Wunused-variable]
  225 |   static uint16_t leds0_pins[2] = {{BIA_Pin}, {BRO_Pin}};
      |                   ^~~~~~~~~~
At top level:
../Core/Src/main.c:225:19: warning: 'leds0_pins' defined but not used [-Wunused-variable]
arm-none-eabi-gcc -o "NUCLEO.elf" @"objects.list"   -mcpu=cortex-m4 -T"F:\cube ide\NUCLEO\STM32F303RETX_FLASH.ld" --specs=nosys.specs -Wl,-Map="NUCLEO.map" -Wl,--gc-sections -static --specs=nano.specs -mfpu=fpv4-sp-d16 -mfloat-abi=hard -mthumb -Wl,--start-group -lc -lm -Wl,--end-group
Finished building target: NUCLEO.elf
 
arm-none-eabi-size   NUCLEO.elf 
arm-none-eabi-objdump -h -S  NUCLEO.elf  > "NUCLEO.list"
arm-none-eabi-objcopy  -O binary  NUCLEO.elf  "NUCLEO.bin"
   text	   data	    bss	    dec	    hex	filename
  25484	    128	   2096	  27708	   6c3c	NUCLEO.elf
Finished building: default.size.stdout
 
Finished building: NUCLEO.bin
 
Finished building: NUCLEO.list
 
21:31:37 **** Incremental Build of configuration Debug for project lab1 ****
make -j4 all 
arm-none-eabi-size   lab1.elf 
   text	   data	    bss	    dec	    hex	filename
  15100	     20	   1716	  16836	   41c4	lab1.elf
Finished building: default.size.stdout
 
21:32:04 **** Incremental Build of configuration Debug for project NUCLEO ****
make -j4 all 
arm-none-eabi-size   NUCLEO.elf 
   text	   data	    bss	    dec	    hex	filename
  25484	    128	   2096	  27708	   6c3c	NUCLEO.elf
Finished building: default.size.stdout
 
21:33:09 **** Incremental Build of configuration Debug for project NUCLEO ****
make -j4 all 
arm-none-eabi-gcc "../Core/Src/main.c" -mcpu=cortex-m4 -std=gnu11 -g3 -DDEBUG -DUSE_HAL_DRIVER -DSTM32F303xE -c -I../Drivers/STM32F3xx_HAL_Driver/Inc -I../Drivers/CMSIS/Include -I../Core/Inc -I../Drivers/STM32F3xx_HAL_Driver/Inc/Legacy -I../Drivers/CMSIS/Device/ST/STM32F3xx/Include -O0 -ffunction-sections -fdata-sections -Wall -fstack-usage -MMD -MP -MF"Core/Src/main.d" -MT"Core/Src/main.o" --specs=nano.specs -mfpu=fpv4-sp-d16 -mfloat-abi=hard -mthumb -o "Core/Src/main.o"
../Core/Src/main.c: In function 'HAL_RTCEx_WakeUpTimerEventCallback':
../Core/Src/main.c:119:6: warning: assignment to 'uint16_t *' {aka 'short unsigned int *'} from incompatible pointer type 'int *' [-Wincompatible-pointer-types]
  119 |   hr = &hour;
      |      ^
../Core/Src/main.c:114:11: warning: unused variable 'hours' [-Wunused-variable]
  114 |   uint8_t hours = sTime.Hours;
      |           ^~~~~
../Core/Src/main.c:107:10: warning: variable 'size' set but not used [-Wunused-but-set-variable]
  107 |   size_t size;
      |          ^~~~
../Core/Src/main.c: In function 'HAL_UART_RxCpltCallback':
../Core/Src/main.c:163:23: warning: pointer targets in passing argument 2 of 'strcpy' differ in signedness [-Wpointer-sign]
  163 |       strcpy(command, Rx_data);
      |                       ^~~~~~~
      |                       |
      |                       uint8_t * {aka unsigned char *}
In file included from ../Core/Src/main.c:32:
f:\stm32cubeide_1.7.0\stm32cubeide\stm32cubeide_1.7.0\stm32cubeide\plugins\com.st.stm32cube.ide.mcu.externaltools.gnu-tools-for-stm32.9-2020-q2-update.win32_2.0.0.202105311346\tools\arm-none-eabi\include\string.h:38:8: note: expected 'const char * restrict' but argument is of type 'uint8_t *' {aka 'unsigned char *'}
   38 | char  *strcpy (char *__restrict, const char *__restrict);
      |        ^~~~~~
../Core/Src/main.c:175:13: warning: pointer targets in passing argument 1 of 'sprintf' differ in signedness [-Wpointer-sign]
  175 |     sprintf(Tx_data, "Niepoprawna komenda\n");
      |             ^~~~~~~
      |             |
      |             uint8_t * {aka unsigned char *}
In file included from ../Core/Src/main.c:29:
f:\stm32cubeide_1.7.0\stm32cubeide\stm32cubeide_1.7.0\stm32cubeide\plugins\com.st.stm32cube.ide.mcu.externaltools.gnu-tools-for-stm32.9-2020-q2-update.win32_2.0.0.202105311346\tools\arm-none-eabi\include\stdio.h:244:14: note: expected 'char * restrict' but argument is of type 'uint8_t *' {aka 'unsigned char *'}
  244 | int sprintf (char *__restrict, const char *__restrict, ...)
      |              ^
../Core/Src/main.c: In function 'main':
../Core/Src/main.c:224:3: warning: braces around scalar initializer
  224 |   static GPIO_TypeDef* leds0[2] = {{BIA_GPIO_Port}, {BRO_GPIO_Port}};
      |   ^~~~~~
../Core/Src/main.c:224:3: note: (near initialization for 'leds0[0]')
../Core/Src/main.c:224:3: warning: braces around scalar initializer
../Core/Src/main.c:224:3: note: (near initialization for 'leds0[1]')
../Core/Src/main.c:225:3: warning: braces around scalar initializer
  225 |   static uint16_t leds0_pins[2] = {{BIA_Pin}, {BRO_Pin}};
      |   ^~~~~~
../Core/Src/main.c:225:3: note: (near initialization for 'leds0_pins[0]')
../Core/Src/main.c:225:3: warning: braces around scalar initializer
../Core/Src/main.c:225:3: note: (near initialization for 'leds0_pins[1]')
../Core/Src/main.c:230:11: warning: unused variable 'size' [-Wunused-variable]
  230 |   uint8_t size;
      |           ^~~~
../Core/Src/main.c:229:8: warning: unused variable 'mess' [-Wunused-variable]
  229 |   char mess[50];
      |        ^~~~
../Core/Src/main.c:225:19: warning: unused variable 'leds0_pins' [-Wunused-variable]
  225 |   static uint16_t leds0_pins[2] = {{BIA_Pin}, {BRO_Pin}};
      |                   ^~~~~~~~~~
At top level:
../Core/Src/main.c:225:19: warning: 'leds0_pins' defined but not used [-Wunused-variable]
arm-none-eabi-gcc -o "NUCLEO.elf" @"objects.list"   -mcpu=cortex-m4 -T"F:\cube ide\NUCLEO\STM32F303RETX_FLASH.ld" --specs=nosys.specs -Wl,-Map="NUCLEO.map" -Wl,--gc-sections -static --specs=nano.specs -mfpu=fpv4-sp-d16 -mfloat-abi=hard -mthumb -Wl,--start-group -lc -lm -Wl,--end-group
Finished building target: NUCLEO.elf
 
arm-none-eabi-size   NUCLEO.elf 
arm-none-eabi-objdump -h -S  NUCLEO.elf  > "NUCLEO.list"
arm-none-eabi-objcopy  -O binary  NUCLEO.elf  "NUCLEO.bin"
   text	   data	    bss	    dec	    hex	filename
  25480	    128	   2096	  27704	   6c38	NUCLEO.elf
Finished building: default.size.stdout
 
Finished building: NUCLEO.bin
 
Finished building: NUCLEO.list
 
21:33:11 **** Incremental Build of configuration Debug for project lab1 ****
make -j4 all 
arm-none-eabi-size   lab1.elf 
   text	   data	    bss	    dec	    hex	filename
  15100	     20	   1716	  16836	   41c4	lab1.elf
Finished building: default.size.stdout
 
21:33:33 **** Incremental Build of configuration Debug for project NUCLEO ****
make -j4 all 
arm-none-eabi-size   NUCLEO.elf 
   text	   data	    bss	    dec	    hex	filename
  25480	    128	   2096	  27704	   6c38	NUCLEO.elf
Finished building: default.size.stdout
 
21:39:48 **** Incremental Build of configuration Debug for project NUCLEO ****
make -j4 all 
arm-none-eabi-gcc "../Core/Src/main.c" -mcpu=cortex-m4 -std=gnu11 -g3 -DDEBUG -DUSE_HAL_DRIVER -DSTM32F303xE -c -I../Drivers/STM32F3xx_HAL_Driver/Inc -I../Drivers/CMSIS/Include -I../Core/Inc -I../Drivers/STM32F3xx_HAL_Driver/Inc/Legacy -I../Drivers/CMSIS/Device/ST/STM32F3xx/Include -O0 -ffunction-sections -fdata-sections -Wall -fstack-usage -MMD -MP -MF"Core/Src/main.d" -MT"Core/Src/main.o" --specs=nano.specs -mfpu=fpv4-sp-d16 -mfloat-abi=hard -mthumb -o "Core/Src/main.o"
../Core/Src/main.c: In function 'HAL_RTCEx_WakeUpTimerEventCallback':
../Core/Src/main.c:119:6: warning: assignment to 'uint16_t *' {aka 'short unsigned int *'} from incompatible pointer type 'int *' [-Wincompatible-pointer-types]
  119 |   hr = &hour;
      |      ^
../Core/Src/main.c:114:11: warning: unused variable 'hours' [-Wunused-variable]
  114 |   uint8_t hours = sTime.Hours;
      |           ^~~~~
../Core/Src/main.c:107:10: warning: variable 'size' set but not used [-Wunused-but-set-variable]
  107 |   size_t size;
      |          ^~~~
../Core/Src/main.c: In function 'HAL_UART_RxCpltCallback':
../Core/Src/main.c:163:21: warning: pointer targets in passing argument 2 of 'strcpy' differ in signedness [-Wpointer-sign]
  163 |     strcpy(command, Rx_data);
      |                     ^~~~~~~
      |                     |
      |                     uint8_t * {aka unsigned char *}
In file included from ../Core/Src/main.c:32:
f:\stm32cubeide_1.7.0\stm32cubeide\stm32cubeide_1.7.0\stm32cubeide\plugins\com.st.stm32cube.ide.mcu.externaltools.gnu-tools-for-stm32.9-2020-q2-update.win32_2.0.0.202105311346\tools\arm-none-eabi\include\string.h:38:8: note: expected 'const char * restrict' but argument is of type 'uint8_t *' {aka 'unsigned char *'}
   38 | char  *strcpy (char *__restrict, const char *__restrict);
      |        ^~~~~~
../Core/Src/main.c:178:13: warning: pointer targets in passing argument 1 of 'sprintf' differ in signedness [-Wpointer-sign]
  178 |     sprintf(Tx_data, "Niepoprawna komenda\n");
      |             ^~~~~~~
      |             |
      |             uint8_t * {aka unsigned char *}
In file included from ../Core/Src/main.c:29:
f:\stm32cubeide_1.7.0\stm32cubeide\stm32cubeide_1.7.0\stm32cubeide\plugins\com.st.stm32cube.ide.mcu.externaltools.gnu-tools-for-stm32.9-2020-q2-update.win32_2.0.0.202105311346\tools\arm-none-eabi\include\stdio.h:244:14: note: expected 'char * restrict' but argument is of type 'uint8_t *' {aka 'unsigned char *'}
  244 | int sprintf (char *__restrict, const char *__restrict, ...)
      |              ^
../Core/Src/main.c: In function 'main':
../Core/Src/main.c:227:3: warning: braces around scalar initializer
  227 |   static GPIO_TypeDef* leds0[2] = {{BIA_GPIO_Port}, {BRO_GPIO_Port}};
      |   ^~~~~~
../Core/Src/main.c:227:3: note: (near initialization for 'leds0[0]')
../Core/Src/main.c:227:3: warning: braces around scalar initializer
../Core/Src/main.c:227:3: note: (near initialization for 'leds0[1]')
../Core/Src/main.c:228:3: warning: braces around scalar initializer
  228 |   static uint16_t leds0_pins[2] = {{BIA_Pin}, {BRO_Pin}};
      |   ^~~~~~
../Core/Src/main.c:228:3: note: (near initialization for 'leds0_pins[0]')
../Core/Src/main.c:228:3: warning: braces around scalar initializer
../Core/Src/main.c:228:3: note: (near initialization for 'leds0_pins[1]')
../Core/Src/main.c:233:11: warning: unused variable 'size' [-Wunused-variable]
  233 |   uint8_t size;
      |           ^~~~
../Core/Src/main.c:232:8: warning: unused variable 'mess' [-Wunused-variable]
  232 |   char mess[50];
      |        ^~~~
../Core/Src/main.c:228:19: warning: unused variable 'leds0_pins' [-Wunused-variable]
  228 |   static uint16_t leds0_pins[2] = {{BIA_Pin}, {BRO_Pin}};
      |                   ^~~~~~~~~~
At top level:
../Core/Src/main.c:228:19: warning: 'leds0_pins' defined but not used [-Wunused-variable]
arm-none-eabi-gcc -o "NUCLEO.elf" @"objects.list"   -mcpu=cortex-m4 -T"F:\cube ide\NUCLEO\STM32F303RETX_FLASH.ld" --specs=nosys.specs -Wl,-Map="NUCLEO.map" -Wl,--gc-sections -static --specs=nano.specs -mfpu=fpv4-sp-d16 -mfloat-abi=hard -mthumb -Wl,--start-group -lc -lm -Wl,--end-group
Finished building target: NUCLEO.elf
 
arm-none-eabi-size   NUCLEO.elf 
arm-none-eabi-objdump -h -S  NUCLEO.elf  > "NUCLEO.list"
arm-none-eabi-objcopy  -O binary  NUCLEO.elf  "NUCLEO.bin"
   text	   data	    bss	    dec	    hex	filename
  25492	    128	   2096	  27716	   6c44	NUCLEO.elf
Finished building: default.size.stdout
 
Finished building: NUCLEO.bin
 
Finished building: NUCLEO.list
 
21:39:49 **** Incremental Build of configuration Debug for project lab1 ****
make -j4 all 
arm-none-eabi-size   lab1.elf 
   text	   data	    bss	    dec	    hex	filename
  15100	     20	   1716	  16836	   41c4	lab1.elf
Finished building: default.size.stdout
 
21:39:54 **** Incremental Build of configuration Debug for project NUCLEO ****
make -j4 all 
arm-none-eabi-size   NUCLEO.elf 
   text	   data	    bss	    dec	    hex	filename
  25492	    128	   2096	  27716	   6c44	NUCLEO.elf
Finished building: default.size.stdout
 
21:44:31 **** Incremental Build of configuration Debug for project NUCLEO ****
make -j4 all 
arm-none-eabi-gcc "../Core/Src/main.c" -mcpu=cortex-m4 -std=gnu11 -g3 -DDEBUG -DUSE_HAL_DRIVER -DSTM32F303xE -c -I../Drivers/STM32F3xx_HAL_Driver/Inc -I../Drivers/CMSIS/Include -I../Core/Inc -I../Drivers/STM32F3xx_HAL_Driver/Inc/Legacy -I../Drivers/CMSIS/Device/ST/STM32F3xx/Include -O0 -ffunction-sections -fdata-sections -Wall -fstack-usage -MMD -MP -MF"Core/Src/main.d" -MT"Core/Src/main.o" --specs=nano.specs -mfpu=fpv4-sp-d16 -mfloat-abi=hard -mthumb -o "Core/Src/main.o"
../Core/Src/main.c: In function 'HAL_RTCEx_WakeUpTimerEventCallback':
../Core/Src/main.c:119:6: warning: assignment to 'uint16_t *' {aka 'short unsigned int *'} from incompatible pointer type 'int *' [-Wincompatible-pointer-types]
  119 |   hr = &hour;
      |      ^
../Core/Src/main.c:114:11: warning: unused variable 'hours' [-Wunused-variable]
  114 |   uint8_t hours = sTime.Hours;
      |           ^~~~~
../Core/Src/main.c:107:10: warning: variable 'size' set but not used [-Wunused-but-set-variable]
  107 |   size_t size;
      |          ^~~~
../Core/Src/main.c: In function 'HAL_UART_RxCpltCallback':
../Core/Src/main.c:163:21: warning: pointer targets in passing argument 2 of 'strcpy' differ in signedness [-Wpointer-sign]
  163 |     strcpy(command, Rx_data);
      |                     ^~~~~~~
      |                     |
      |                     uint8_t * {aka unsigned char *}
In file included from ../Core/Src/main.c:32:
f:\stm32cubeide_1.7.0\stm32cubeide\stm32cubeide_1.7.0\stm32cubeide\plugins\com.st.stm32cube.ide.mcu.externaltools.gnu-tools-for-stm32.9-2020-q2-update.win32_2.0.0.202105311346\tools\arm-none-eabi\include\string.h:38:8: note: expected 'const char * restrict' but argument is of type 'uint8_t *' {aka 'unsigned char *'}
   38 | char  *strcpy (char *__restrict, const char *__restrict);
      |        ^~~~~~
../Core/Src/main.c:177:14: warning: pointer targets in passing argument 1 of 'sprintf' differ in signedness [-Wpointer-sign]
  177 |      sprintf(Tx_data, "Niepoprawna komenda\n");
      |              ^~~~~~~
      |              |
      |              uint8_t * {aka unsigned char *}
In file included from ../Core/Src/main.c:29:
f:\stm32cubeide_1.7.0\stm32cubeide\stm32cubeide_1.7.0\stm32cubeide\plugins\com.st.stm32cube.ide.mcu.externaltools.gnu-tools-for-stm32.9-2020-q2-update.win32_2.0.0.202105311346\tools\arm-none-eabi\include\stdio.h:244:14: note: expected 'char * restrict' but argument is of type 'uint8_t *' {aka 'unsigned char *'}
  244 | int sprintf (char *__restrict, const char *__restrict, ...)
      |              ^
../Core/Src/main.c: In function 'main':
../Core/Src/main.c:228:3: warning: braces around scalar initializer
  228 |   static GPIO_TypeDef* leds0[2] = {{BIA_GPIO_Port}, {BRO_GPIO_Port}};
      |   ^~~~~~
../Core/Src/main.c:228:3: note: (near initialization for 'leds0[0]')
../Core/Src/main.c:228:3: warning: braces around scalar initializer
../Core/Src/main.c:228:3: note: (near initialization for 'leds0[1]')
../Core/Src/main.c:229:3: warning: braces around scalar initializer
  229 |   static uint16_t leds0_pins[2] = {{BIA_Pin}, {BRO_Pin}};
      |   ^~~~~~
../Core/Src/main.c:229:3: note: (near initialization for 'leds0_pins[0]')
../Core/Src/main.c:229:3: warning: braces around scalar initializer
../Core/Src/main.c:229:3: note: (near initialization for 'leds0_pins[1]')
../Core/Src/main.c:234:11: warning: unused variable 'size' [-Wunused-variable]
  234 |   uint8_t size;
      |           ^~~~
../Core/Src/main.c:233:8: warning: unused variable 'mess' [-Wunused-variable]
  233 |   char mess[50];
      |        ^~~~
../Core/Src/main.c:229:19: warning: unused variable 'leds0_pins' [-Wunused-variable]
  229 |   static uint16_t leds0_pins[2] = {{BIA_Pin}, {BRO_Pin}};
      |                   ^~~~~~~~~~
At top level:
../Core/Src/main.c:229:19: warning: 'leds0_pins' defined but not used [-Wunused-variable]
arm-none-eabi-gcc -o "NUCLEO.elf" @"objects.list"   -mcpu=cortex-m4 -T"F:\cube ide\NUCLEO\STM32F303RETX_FLASH.ld" --specs=nosys.specs -Wl,-Map="NUCLEO.map" -Wl,--gc-sections -static --specs=nano.specs -mfpu=fpv4-sp-d16 -mfloat-abi=hard -mthumb -Wl,--start-group -lc -lm -Wl,--end-group
Finished building target: NUCLEO.elf
 
arm-none-eabi-size   NUCLEO.elf 
arm-none-eabi-objdump -h -S  NUCLEO.elf  > "NUCLEO.list"
arm-none-eabi-objcopy  -O binary  NUCLEO.elf  "NUCLEO.bin"
   text	   data	    bss	    dec	    hex	filename
  25508	    128	   2096	  27732	   6c54	NUCLEO.elf
Finished building: default.size.stdout
 
Finished building: NUCLEO.bin
 
Finished building: NUCLEO.list
 
21:44:33 **** Incremental Build of configuration Debug for project lab1 ****
make -j4 all 
arm-none-eabi-size   lab1.elf 
   text	   data	    bss	    dec	    hex	filename
  15100	     20	   1716	  16836	   41c4	lab1.elf
Finished building: default.size.stdout
 
21:44:38 **** Incremental Build of configuration Debug for project NUCLEO ****
make -j4 all 
arm-none-eabi-size   NUCLEO.elf 
   text	   data	    bss	    dec	    hex	filename
  25508	    128	   2096	  27732	   6c54	NUCLEO.elf
Finished building: default.size.stdout
 
21:47:04 **** Incremental Build of configuration Debug for project NUCLEO ****
make -j4 all 
arm-none-eabi-gcc "../Core/Src/main.c" -mcpu=cortex-m4 -std=gnu11 -g3 -DDEBUG -DUSE_HAL_DRIVER -DSTM32F303xE -c -I../Drivers/STM32F3xx_HAL_Driver/Inc -I../Drivers/CMSIS/Include -I../Core/Inc -I../Drivers/STM32F3xx_HAL_Driver/Inc/Legacy -I../Drivers/CMSIS/Device/ST/STM32F3xx/Include -O0 -ffunction-sections -fdata-sections -Wall -fstack-usage -MMD -MP -MF"Core/Src/main.d" -MT"Core/Src/main.o" --specs=nano.specs -mfpu=fpv4-sp-d16 -mfloat-abi=hard -mthumb -o "Core/Src/main.o"
../Core/Src/main.c: In function 'HAL_RTCEx_WakeUpTimerEventCallback':
../Core/Src/main.c:119:6: warning: assignment to 'uint16_t *' {aka 'short unsigned int *'} from incompatible pointer type 'int *' [-Wincompatible-pointer-types]
  119 |   hr = &hour;
      |      ^
../Core/Src/main.c:114:11: warning: unused variable 'hours' [-Wunused-variable]
  114 |   uint8_t hours = sTime.Hours;
      |           ^~~~~
../Core/Src/main.c:107:10: warning: variable 'size' set but not used [-Wunused-but-set-variable]
  107 |   size_t size;
      |          ^~~~
../Core/Src/main.c: In function 'HAL_UART_RxCpltCallback':
../Core/Src/main.c:163:21: warning: pointer targets in passing argument 2 of 'strcpy' differ in signedness [-Wpointer-sign]
  163 |     strcpy(command, Rx_data);
      |                     ^~~~~~~
      |                     |
      |                     uint8_t * {aka unsigned char *}
In file included from ../Core/Src/main.c:32:
f:\stm32cubeide_1.7.0\stm32cubeide\stm32cubeide_1.7.0\stm32cubeide\plugins\com.st.stm32cube.ide.mcu.externaltools.gnu-tools-for-stm32.9-2020-q2-update.win32_2.0.0.202105311346\tools\arm-none-eabi\include\string.h:38:8: note: expected 'const char * restrict' but argument is of type 'uint8_t *' {aka 'unsigned char *'}
   38 | char  *strcpy (char *__restrict, const char *__restrict);
      |        ^~~~~~
../Core/Src/main.c:167:14: warning: pointer targets in passing argument 1 of 'sprintf' differ in signedness [-Wpointer-sign]
  167 |      sprintf(Tx_data, "Niepoprawna komenda\n");
      |              ^~~~~~~
      |              |
      |              uint8_t * {aka unsigned char *}
In file included from ../Core/Src/main.c:29:
f:\stm32cubeide_1.7.0\stm32cubeide\stm32cubeide_1.7.0\stm32cubeide\plugins\com.st.stm32cube.ide.mcu.externaltools.gnu-tools-for-stm32.9-2020-q2-update.win32_2.0.0.202105311346\tools\arm-none-eabi\include\stdio.h:244:14: note: expected 'char * restrict' but argument is of type 'uint8_t *' {aka 'unsigned char *'}
  244 | int sprintf (char *__restrict, const char *__restrict, ...)
      |              ^
../Core/Src/main.c: In function 'main':
../Core/Src/main.c:226:3: warning: braces around scalar initializer
  226 |   static GPIO_TypeDef* leds0[2] = {{BIA_GPIO_Port}, {BRO_GPIO_Port}};
      |   ^~~~~~
../Core/Src/main.c:226:3: note: (near initialization for 'leds0[0]')
../Core/Src/main.c:226:3: warning: braces around scalar initializer
../Core/Src/main.c:226:3: note: (near initialization for 'leds0[1]')
../Core/Src/main.c:227:3: warning: braces around scalar initializer
  227 |   static uint16_t leds0_pins[2] = {{BIA_Pin}, {BRO_Pin}};
      |   ^~~~~~
../Core/Src/main.c:227:3: note: (near initialization for 'leds0_pins[0]')
../Core/Src/main.c:227:3: warning: braces around scalar initializer
../Core/Src/main.c:227:3: note: (near initialization for 'leds0_pins[1]')
../Core/Src/main.c:232:11: warning: unused variable 'size' [-Wunused-variable]
  232 |   uint8_t size;
      |           ^~~~
../Core/Src/main.c:231:8: warning: unused variable 'mess' [-Wunused-variable]
  231 |   char mess[50];
      |        ^~~~
../Core/Src/main.c:227:19: warning: unused variable 'leds0_pins' [-Wunused-variable]
  227 |   static uint16_t leds0_pins[2] = {{BIA_Pin}, {BRO_Pin}};
      |                   ^~~~~~~~~~
At top level:
../Core/Src/main.c:227:19: warning: 'leds0_pins' defined but not used [-Wunused-variable]
arm-none-eabi-gcc -o "NUCLEO.elf" @"objects.list"   -mcpu=cortex-m4 -T"F:\cube ide\NUCLEO\STM32F303RETX_FLASH.ld" --specs=nosys.specs -Wl,-Map="NUCLEO.map" -Wl,--gc-sections -static --specs=nano.specs -mfpu=fpv4-sp-d16 -mfloat-abi=hard -mthumb -Wl,--start-group -lc -lm -Wl,--end-group
Finished building target: NUCLEO.elf
 
arm-none-eabi-size   NUCLEO.elf 
arm-none-eabi-objdump -h -S  NUCLEO.elf  > "NUCLEO.list"
arm-none-eabi-objcopy  -O binary  NUCLEO.elf  "NUCLEO.bin"
   text	   data	    bss	    dec	    hex	filename
  25508	    128	   2096	  27732	   6c54	NUCLEO.elf
Finished building: default.size.stdout
 
Finished building: NUCLEO.bin
 
Finished building: NUCLEO.list
 
21:47:06 **** Incremental Build of configuration Debug for project lab1 ****
make -j4 all 
arm-none-eabi-size   lab1.elf 
   text	   data	    bss	    dec	    hex	filename
  15100	     20	   1716	  16836	   41c4	lab1.elf
Finished building: default.size.stdout
 
21:47:12 **** Incremental Build of configuration Debug for project NUCLEO ****
make -j4 all 
arm-none-eabi-size   NUCLEO.elf 
   text	   data	    bss	    dec	    hex	filename
  25508	    128	   2096	  27732	   6c54	NUCLEO.elf
Finished building: default.size.stdout
 
21:47:13 **** Incremental Build of configuration Debug for project NUCLEO ****
make -j4 all 
arm-none-eabi-size   NUCLEO.elf 
   text	   data	    bss	    dec	    hex	filename
  25508	    128	   2096	  27732	   6c54	NUCLEO.elf
Finished building: default.size.stdout
 
21:47:28 **** Incremental Build of configuration Debug for project NUCLEO ****
make -j4 all 
arm-none-eabi-size   NUCLEO.elf 
   text	   data	    bss	    dec	    hex	filename
  25508	    128	   2096	  27732	   6c54	NUCLEO.elf
Finished building: default.size.stdout
 
21:49:08 **** Incremental Build of configuration Debug for project NUCLEO ****
make -j4 all 
arm-none-eabi-gcc "../Core/Src/main.c" -mcpu=cortex-m4 -std=gnu11 -g3 -DDEBUG -DUSE_HAL_DRIVER -DSTM32F303xE -c -I../Drivers/STM32F3xx_HAL_Driver/Inc -I../Drivers/CMSIS/Include -I../Core/Inc -I../Drivers/STM32F3xx_HAL_Driver/Inc/Legacy -I../Drivers/CMSIS/Device/ST/STM32F3xx/Include -O0 -ffunction-sections -fdata-sections -Wall -fstack-usage -MMD -MP -MF"Core/Src/main.d" -MT"Core/Src/main.o" --specs=nano.specs -mfpu=fpv4-sp-d16 -mfloat-abi=hard -mthumb -o "Core/Src/main.o"
../Core/Src/main.c: In function 'HAL_RTCEx_WakeUpTimerEventCallback':
../Core/Src/main.c:119:6: warning: assignment to 'uint16_t *' {aka 'short unsigned int *'} from incompatible pointer type 'int *' [-Wincompatible-pointer-types]
  119 |   hr = &hour;
      |      ^
../Core/Src/main.c:114:11: warning: unused variable 'hours' [-Wunused-variable]
  114 |   uint8_t hours = sTime.Hours;
      |           ^~~~~
../Core/Src/main.c:107:10: warning: variable 'size' set but not used [-Wunused-but-set-variable]
  107 |   size_t size;
      |          ^~~~
../Core/Src/main.c: In function 'HAL_UART_RxCpltCallback':
../Core/Src/main.c:163:21: warning: pointer targets in passing argument 2 of 'strcpy' differ in signedness [-Wpointer-sign]
  163 |     strcpy(command, Rx_data);
      |                     ^~~~~~~
      |                     |
      |                     uint8_t * {aka unsigned char *}
In file included from ../Core/Src/main.c:32:
f:\stm32cubeide_1.7.0\stm32cubeide\stm32cubeide_1.7.0\stm32cubeide\plugins\com.st.stm32cube.ide.mcu.externaltools.gnu-tools-for-stm32.9-2020-q2-update.win32_2.0.0.202105311346\tools\arm-none-eabi\include\string.h:38:8: note: expected 'const char * restrict' but argument is of type 'uint8_t *' {aka 'unsigned char *'}
   38 | char  *strcpy (char *__restrict, const char *__restrict);
      |        ^~~~~~
../Core/Src/main.c:167:14: warning: pointer targets in passing argument 1 of 'sprintf' differ in signedness [-Wpointer-sign]
  167 |      sprintf(Tx_data, "Niepoprawna komenda\n");
      |              ^~~~~~~
      |              |
      |              uint8_t * {aka unsigned char *}
In file included from ../Core/Src/main.c:29:
f:\stm32cubeide_1.7.0\stm32cubeide\stm32cubeide_1.7.0\stm32cubeide\plugins\com.st.stm32cube.ide.mcu.externaltools.gnu-tools-for-stm32.9-2020-q2-update.win32_2.0.0.202105311346\tools\arm-none-eabi\include\stdio.h:244:14: note: expected 'char * restrict' but argument is of type 'uint8_t *' {aka 'unsigned char *'}
  244 | int sprintf (char *__restrict, const char *__restrict, ...)
      |              ^
../Core/Src/main.c: In function 'main':
../Core/Src/main.c:229:3: warning: braces around scalar initializer
  229 |   static GPIO_TypeDef* leds0[2] = {{BIA_GPIO_Port}, {BRO_GPIO_Port}};
      |   ^~~~~~
../Core/Src/main.c:229:3: note: (near initialization for 'leds0[0]')
../Core/Src/main.c:229:3: warning: braces around scalar initializer
../Core/Src/main.c:229:3: note: (near initialization for 'leds0[1]')
../Core/Src/main.c:230:3: warning: braces around scalar initializer
  230 |   static uint16_t leds0_pins[2] = {{BIA_Pin}, {BRO_Pin}};
      |   ^~~~~~
../Core/Src/main.c:230:3: note: (near initialization for 'leds0_pins[0]')
../Core/Src/main.c:230:3: warning: braces around scalar initializer
../Core/Src/main.c:230:3: note: (near initialization for 'leds0_pins[1]')
../Core/Src/main.c:235:11: warning: unused variable 'size' [-Wunused-variable]
  235 |   uint8_t size;
      |           ^~~~
../Core/Src/main.c:234:8: warning: unused variable 'mess' [-Wunused-variable]
  234 |   char mess[50];
      |        ^~~~
../Core/Src/main.c:230:19: warning: unused variable 'leds0_pins' [-Wunused-variable]
  230 |   static uint16_t leds0_pins[2] = {{BIA_Pin}, {BRO_Pin}};
      |                   ^~~~~~~~~~
At top level:
../Core/Src/main.c:230:19: warning: 'leds0_pins' defined but not used [-Wunused-variable]
arm-none-eabi-gcc -o "NUCLEO.elf" @"objects.list"   -mcpu=cortex-m4 -T"F:\cube ide\NUCLEO\STM32F303RETX_FLASH.ld" --specs=nosys.specs -Wl,-Map="NUCLEO.map" -Wl,--gc-sections -static --specs=nano.specs -mfpu=fpv4-sp-d16 -mfloat-abi=hard -mthumb -Wl,--start-group -lc -lm -Wl,--end-group
Finished building target: NUCLEO.elf
 
arm-none-eabi-size   NUCLEO.elf 
arm-none-eabi-objdump -h -S  NUCLEO.elf  > "NUCLEO.list"
arm-none-eabi-objcopy  -O binary  NUCLEO.elf  "NUCLEO.bin"
   text	   data	    bss	    dec	    hex	filename
  25536	    128	   2096	  27760	   6c70	NUCLEO.elf
Finished building: default.size.stdout
 
Finished building: NUCLEO.bin
 
Finished building: NUCLEO.list
 
21:49:10 **** Incremental Build of configuration Debug for project lab1 ****
make -j4 all 
arm-none-eabi-size   lab1.elf 
   text	   data	    bss	    dec	    hex	filename
  15100	     20	   1716	  16836	   41c4	lab1.elf
Finished building: default.size.stdout
 
21:49:17 **** Incremental Build of configuration Debug for project NUCLEO ****
make -j4 all 
arm-none-eabi-size   NUCLEO.elf 
   text	   data	    bss	    dec	    hex	filename
  25536	    128	   2096	  27760	   6c70	NUCLEO.elf
Finished building: default.size.stdout
 
21:53:01 **** Incremental Build of configuration Debug for project NUCLEO ****
make -j4 all 
arm-none-eabi-gcc "../Core/Src/main.c" -mcpu=cortex-m4 -std=gnu11 -g3 -DDEBUG -DUSE_HAL_DRIVER -DSTM32F303xE -c -I../Drivers/STM32F3xx_HAL_Driver/Inc -I../Drivers/CMSIS/Include -I../Core/Inc -I../Drivers/STM32F3xx_HAL_Driver/Inc/Legacy -I../Drivers/CMSIS/Device/ST/STM32F3xx/Include -O0 -ffunction-sections -fdata-sections -Wall -fstack-usage -MMD -MP -MF"Core/Src/main.d" -MT"Core/Src/main.o" --specs=nano.specs -mfpu=fpv4-sp-d16 -mfloat-abi=hard -mthumb -o "Core/Src/main.o"
../Core/Src/main.c: In function 'HAL_RTCEx_WakeUpTimerEventCallback':
../Core/Src/main.c:119:6: warning: assignment to 'uint16_t *' {aka 'short unsigned int *'} from incompatible pointer type 'int *' [-Wincompatible-pointer-types]
  119 |   hr = &hour;
      |      ^
../Core/Src/main.c:114:11: warning: unused variable 'hours' [-Wunused-variable]
  114 |   uint8_t hours = sTime.Hours;
      |           ^~~~~
../Core/Src/main.c:107:10: warning: variable 'size' set but not used [-Wunused-but-set-variable]
  107 |   size_t size;
      |          ^~~~
../Core/Src/main.c: In function 'HAL_UART_RxCpltCallback':
../Core/Src/main.c:163:21: warning: pointer targets in passing argument 2 of 'strcpy' differ in signedness [-Wpointer-sign]
  163 |     strcpy(command, Rx_data);
      |                     ^~~~~~~
      |                     |
      |                     uint8_t * {aka unsigned char *}
In file included from ../Core/Src/main.c:32:
f:\stm32cubeide_1.7.0\stm32cubeide\stm32cubeide_1.7.0\stm32cubeide\plugins\com.st.stm32cube.ide.mcu.externaltools.gnu-tools-for-stm32.9-2020-q2-update.win32_2.0.0.202105311346\tools\arm-none-eabi\include\string.h:38:8: note: expected 'const char * restrict' but argument is of type 'uint8_t *' {aka 'unsigned char *'}
   38 | char  *strcpy (char *__restrict, const char *__restrict);
      |        ^~~~~~
../Core/Src/main.c:173:15: warning: pointer targets in passing argument 1 of 'sprintf' differ in signedness [-Wpointer-sign]
  173 |       sprintf(Tx_data, "Niepoprawna komenda\n");
      |               ^~~~~~~
      |               |
      |               uint8_t * {aka unsigned char *}
In file included from ../Core/Src/main.c:29:
f:\stm32cubeide_1.7.0\stm32cubeide\stm32cubeide_1.7.0\stm32cubeide\plugins\com.st.stm32cube.ide.mcu.externaltools.gnu-tools-for-stm32.9-2020-q2-update.win32_2.0.0.202105311346\tools\arm-none-eabi\include\stdio.h:244:14: note: expected 'char * restrict' but argument is of type 'uint8_t *' {aka 'unsigned char *'}
  244 | int sprintf (char *__restrict, const char *__restrict, ...)
      |              ^
../Core/Src/main.c: In function 'main':
../Core/Src/main.c:232:3: warning: braces around scalar initializer
  232 |   static GPIO_TypeDef* leds0[2] = {{BIA_GPIO_Port}, {BRO_GPIO_Port}};
      |   ^~~~~~
../Core/Src/main.c:232:3: note: (near initialization for 'leds0[0]')
../Core/Src/main.c:232:3: warning: braces around scalar initializer
../Core/Src/main.c:232:3: note: (near initialization for 'leds0[1]')
../Core/Src/main.c:233:3: warning: braces around scalar initializer
  233 |   static uint16_t leds0_pins[2] = {{BIA_Pin}, {BRO_Pin}};
      |   ^~~~~~
../Core/Src/main.c:233:3: note: (near initialization for 'leds0_pins[0]')
../Core/Src/main.c:233:3: warning: braces around scalar initializer
../Core/Src/main.c:233:3: note: (near initialization for 'leds0_pins[1]')
../Core/Src/main.c:238:11: warning: unused variable 'size' [-Wunused-variable]
  238 |   uint8_t size;
      |           ^~~~
../Core/Src/main.c:237:8: warning: unused variable 'mess' [-Wunused-variable]
  237 |   char mess[50];
      |        ^~~~
../Core/Src/main.c:233:19: warning: unused variable 'leds0_pins' [-Wunused-variable]
  233 |   static uint16_t leds0_pins[2] = {{BIA_Pin}, {BRO_Pin}};
      |                   ^~~~~~~~~~
At top level:
../Core/Src/main.c:233:19: warning: 'leds0_pins' defined but not used [-Wunused-variable]
arm-none-eabi-gcc -o "NUCLEO.elf" @"objects.list"   -mcpu=cortex-m4 -T"F:\cube ide\NUCLEO\STM32F303RETX_FLASH.ld" --specs=nosys.specs -Wl,-Map="NUCLEO.map" -Wl,--gc-sections -static --specs=nano.specs -mfpu=fpv4-sp-d16 -mfloat-abi=hard -mthumb -Wl,--start-group -lc -lm -Wl,--end-group
Finished building target: NUCLEO.elf
 
arm-none-eabi-size   NUCLEO.elf 
arm-none-eabi-objdump -h -S  NUCLEO.elf  > "NUCLEO.list"
arm-none-eabi-objcopy  -O binary  NUCLEO.elf  "NUCLEO.bin"
   text	   data	    bss	    dec	    hex	filename
  25484	    128	   2096	  27708	   6c3c	NUCLEO.elf
Finished building: default.size.stdout
 
Finished building: NUCLEO.bin
 
Finished building: NUCLEO.list
 
21:53:03 **** Incremental Build of configuration Debug for project lab1 ****
make -j4 all 
arm-none-eabi-size   lab1.elf 
   text	   data	    bss	    dec	    hex	filename
  15100	     20	   1716	  16836	   41c4	lab1.elf
Finished building: default.size.stdout
 
21:53:09 **** Incremental Build of configuration Debug for project NUCLEO ****
make -j4 all 
arm-none-eabi-size   NUCLEO.elf 
   text	   data	    bss	    dec	    hex	filename
  25484	    128	   2096	  27708	   6c3c	NUCLEO.elf
Finished building: default.size.stdout
 
21:54:04 **** Incremental Build of configuration Debug for project NUCLEO ****
make -j4 all 
arm-none-eabi-gcc "../Core/Src/main.c" -mcpu=cortex-m4 -std=gnu11 -g3 -DDEBUG -DUSE_HAL_DRIVER -DSTM32F303xE -c -I../Drivers/STM32F3xx_HAL_Driver/Inc -I../Drivers/CMSIS/Include -I../Core/Inc -I../Drivers/STM32F3xx_HAL_Driver/Inc/Legacy -I../Drivers/CMSIS/Device/ST/STM32F3xx/Include -O0 -ffunction-sections -fdata-sections -Wall -fstack-usage -MMD -MP -MF"Core/Src/main.d" -MT"Core/Src/main.o" --specs=nano.specs -mfpu=fpv4-sp-d16 -mfloat-abi=hard -mthumb -o "Core/Src/main.o"
../Core/Src/main.c: In function 'HAL_RTCEx_WakeUpTimerEventCallback':
../Core/Src/main.c:119:6: warning: assignment to 'uint16_t *' {aka 'short unsigned int *'} from incompatible pointer type 'int *' [-Wincompatible-pointer-types]
  119 |   hr = &hour;
      |      ^
../Core/Src/main.c:114:11: warning: unused variable 'hours' [-Wunused-variable]
  114 |   uint8_t hours = sTime.Hours;
      |           ^~~~~
../Core/Src/main.c:107:10: warning: variable 'size' set but not used [-Wunused-but-set-variable]
  107 |   size_t size;
      |          ^~~~
../Core/Src/main.c: In function 'HAL_UART_RxCpltCallback':
../Core/Src/main.c:163:21: warning: pointer targets in passing argument 2 of 'strcpy' differ in signedness [-Wpointer-sign]
  163 |     strcpy(command, Rx_data);
      |                     ^~~~~~~
      |                     |
      |                     uint8_t * {aka unsigned char *}
In file included from ../Core/Src/main.c:32:
f:\stm32cubeide_1.7.0\stm32cubeide\stm32cubeide_1.7.0\stm32cubeide\plugins\com.st.stm32cube.ide.mcu.externaltools.gnu-tools-for-stm32.9-2020-q2-update.win32_2.0.0.202105311346\tools\arm-none-eabi\include\string.h:38:8: note: expected 'const char * restrict' but argument is of type 'uint8_t *' {aka 'unsigned char *'}
   38 | char  *strcpy (char *__restrict, const char *__restrict);
      |        ^~~~~~
../Core/Src/main.c:173:15: warning: pointer targets in passing argument 1 of 'sprintf' differ in signedness [-Wpointer-sign]
  173 |       sprintf(Tx_data, "Niepoprawna komenda\n");
      |               ^~~~~~~
      |               |
      |               uint8_t * {aka unsigned char *}
In file included from ../Core/Src/main.c:29:
f:\stm32cubeide_1.7.0\stm32cubeide\stm32cubeide_1.7.0\stm32cubeide\plugins\com.st.stm32cube.ide.mcu.externaltools.gnu-tools-for-stm32.9-2020-q2-update.win32_2.0.0.202105311346\tools\arm-none-eabi\include\stdio.h:244:14: note: expected 'char * restrict' but argument is of type 'uint8_t *' {aka 'unsigned char *'}
  244 | int sprintf (char *__restrict, const char *__restrict, ...)
      |              ^
../Core/Src/main.c: In function 'main':
../Core/Src/main.c:232:3: warning: braces around scalar initializer
  232 |   static GPIO_TypeDef* leds0[2] = {{BIA_GPIO_Port}, {BRO_GPIO_Port}};
      |   ^~~~~~
../Core/Src/main.c:232:3: note: (near initialization for 'leds0[0]')
../Core/Src/main.c:232:3: warning: braces around scalar initializer
../Core/Src/main.c:232:3: note: (near initialization for 'leds0[1]')
../Core/Src/main.c:233:3: warning: braces around scalar initializer
  233 |   static uint16_t leds0_pins[2] = {{BIA_Pin}, {BRO_Pin}};
      |   ^~~~~~
../Core/Src/main.c:233:3: note: (near initialization for 'leds0_pins[0]')
../Core/Src/main.c:233:3: warning: braces around scalar initializer
../Core/Src/main.c:233:3: note: (near initialization for 'leds0_pins[1]')
../Core/Src/main.c:238:11: warning: unused variable 'size' [-Wunused-variable]
  238 |   uint8_t size;
      |           ^~~~
../Core/Src/main.c:237:8: warning: unused variable 'mess' [-Wunused-variable]
  237 |   char mess[50];
      |        ^~~~
../Core/Src/main.c:233:19: warning: unused variable 'leds0_pins' [-Wunused-variable]
  233 |   static uint16_t leds0_pins[2] = {{BIA_Pin}, {BRO_Pin}};
      |                   ^~~~~~~~~~
At top level:
../Core/Src/main.c:233:19: warning: 'leds0_pins' defined but not used [-Wunused-variable]
arm-none-eabi-gcc -o "NUCLEO.elf" @"objects.list"   -mcpu=cortex-m4 -T"F:\cube ide\NUCLEO\STM32F303RETX_FLASH.ld" --specs=nosys.specs -Wl,-Map="NUCLEO.map" -Wl,--gc-sections -static --specs=nano.specs -mfpu=fpv4-sp-d16 -mfloat-abi=hard -mthumb -Wl,--start-group -lc -lm -Wl,--end-group
Finished building target: NUCLEO.elf
 
arm-none-eabi-size   NUCLEO.elf 
arm-none-eabi-objdump -h -S  NUCLEO.elf  > "NUCLEO.list"
arm-none-eabi-objcopy  -O binary  NUCLEO.elf  "NUCLEO.bin"
   text	   data	    bss	    dec	    hex	filename
  25480	    128	   2096	  27704	   6c38	NUCLEO.elf
Finished building: default.size.stdout
 
Finished building: NUCLEO.bin
 
Finished building: NUCLEO.list
 
21:54:06 **** Incremental Build of configuration Debug for project lab1 ****
make -j4 all 
arm-none-eabi-size   lab1.elf 
   text	   data	    bss	    dec	    hex	filename
  15100	     20	   1716	  16836	   41c4	lab1.elf
Finished building: default.size.stdout
 
21:54:11 **** Incremental Build of configuration Debug for project NUCLEO ****
make -j4 all 
arm-none-eabi-size   NUCLEO.elf 
   text	   data	    bss	    dec	    hex	filename
  25480	    128	   2096	  27704	   6c38	NUCLEO.elf
Finished building: default.size.stdout
 
21:57:40 **** Incremental Build of configuration Debug for project NUCLEO ****
make -j4 all 
arm-none-eabi-gcc "../Core/Src/main.c" -mcpu=cortex-m4 -std=gnu11 -g3 -DDEBUG -DUSE_HAL_DRIVER -DSTM32F303xE -c -I../Drivers/STM32F3xx_HAL_Driver/Inc -I../Drivers/CMSIS/Include -I../Core/Inc -I../Drivers/STM32F3xx_HAL_Driver/Inc/Legacy -I../Drivers/CMSIS/Device/ST/STM32F3xx/Include -O0 -ffunction-sections -fdata-sections -Wall -fstack-usage -MMD -MP -MF"Core/Src/main.d" -MT"Core/Src/main.o" --specs=nano.specs -mfpu=fpv4-sp-d16 -mfloat-abi=hard -mthumb -o "Core/Src/main.o"
../Core/Src/main.c: In function 'HAL_RTCEx_WakeUpTimerEventCallback':
../Core/Src/main.c:120:6: warning: assignment to 'uint16_t *' {aka 'short unsigned int *'} from incompatible pointer type 'int *' [-Wincompatible-pointer-types]
  120 |   hr = &hour;
      |      ^
../Core/Src/main.c:115:11: warning: unused variable 'hours' [-Wunused-variable]
  115 |   uint8_t hours = sTime.Hours;
      |           ^~~~~
../Core/Src/main.c:108:10: warning: variable 'size' set but not used [-Wunused-but-set-variable]
  108 |   size_t size;
      |          ^~~~
../Core/Src/main.c: In function 'HAL_UART_RxCpltCallback':
../Core/Src/main.c:165:21: warning: pointer targets in passing argument 2 of 'strcpy' differ in signedness [-Wpointer-sign]
  165 |     strcpy(command, Rx_data);
      |                     ^~~~~~~
      |                     |
      |                     uint8_t * {aka unsigned char *}
In file included from ../Core/Src/main.c:32:
f:\stm32cubeide_1.7.0\stm32cubeide\stm32cubeide_1.7.0\stm32cubeide\plugins\com.st.stm32cube.ide.mcu.externaltools.gnu-tools-for-stm32.9-2020-q2-update.win32_2.0.0.202105311346\tools\arm-none-eabi\include\string.h:38:8: note: expected 'const char * restrict' but argument is of type 'uint8_t *' {aka 'unsigned char *'}
   38 | char  *strcpy (char *__restrict, const char *__restrict);
      |        ^~~~~~
../Core/Src/main.c:175:15: warning: pointer targets in passing argument 1 of 'sprintf' differ in signedness [-Wpointer-sign]
  175 |       sprintf(Tx_data, "Niepoprawna komenda\n");
      |               ^~~~~~~
      |               |
      |               uint8_t * {aka unsigned char *}
In file included from ../Core/Src/main.c:29:
f:\stm32cubeide_1.7.0\stm32cubeide\stm32cubeide_1.7.0\stm32cubeide\plugins\com.st.stm32cube.ide.mcu.externaltools.gnu-tools-for-stm32.9-2020-q2-update.win32_2.0.0.202105311346\tools\arm-none-eabi\include\stdio.h:244:14: note: expected 'char * restrict' but argument is of type 'uint8_t *' {aka 'unsigned char *'}
  244 | int sprintf (char *__restrict, const char *__restrict, ...)
      |              ^
../Core/Src/main.c: In function 'main':
../Core/Src/main.c:235:3: warning: braces around scalar initializer
  235 |   static GPIO_TypeDef* leds0[2] = {{BIA_GPIO_Port}, {BRO_GPIO_Port}};
      |   ^~~~~~
../Core/Src/main.c:235:3: note: (near initialization for 'leds0[0]')
../Core/Src/main.c:235:3: warning: braces around scalar initializer
../Core/Src/main.c:235:3: note: (near initialization for 'leds0[1]')
../Core/Src/main.c:236:3: warning: braces around scalar initializer
  236 |   static uint16_t leds0_pins[2] = {{BIA_Pin}, {BRO_Pin}};
      |   ^~~~~~
../Core/Src/main.c:236:3: note: (near initialization for 'leds0_pins[0]')
../Core/Src/main.c:236:3: warning: braces around scalar initializer
../Core/Src/main.c:236:3: note: (near initialization for 'leds0_pins[1]')
../Core/Src/main.c:241:11: warning: unused variable 'size' [-Wunused-variable]
  241 |   uint8_t size;
      |           ^~~~
../Core/Src/main.c:240:8: warning: unused variable 'mess' [-Wunused-variable]
  240 |   char mess[50];
      |        ^~~~
../Core/Src/main.c:236:19: warning: unused variable 'leds0_pins' [-Wunused-variable]
  236 |   static uint16_t leds0_pins[2] = {{BIA_Pin}, {BRO_Pin}};
      |                   ^~~~~~~~~~
At top level:
../Core/Src/main.c:236:19: warning: 'leds0_pins' defined but not used [-Wunused-variable]
arm-none-eabi-gcc -o "NUCLEO.elf" @"objects.list"   -mcpu=cortex-m4 -T"F:\cube ide\NUCLEO\STM32F303RETX_FLASH.ld" --specs=nosys.specs -Wl,-Map="NUCLEO.map" -Wl,--gc-sections -static --specs=nano.specs -mfpu=fpv4-sp-d16 -mfloat-abi=hard -mthumb -Wl,--start-group -lc -lm -Wl,--end-group
Finished building target: NUCLEO.elf
 
arm-none-eabi-size   NUCLEO.elf 
arm-none-eabi-objdump -h -S  NUCLEO.elf  > "NUCLEO.list"
arm-none-eabi-objcopy  -O binary  NUCLEO.elf  "NUCLEO.bin"
   text	   data	    bss	    dec	    hex	filename
  25476	    128	   2096	  27700	   6c34	NUCLEO.elf
Finished building: default.size.stdout
 
Finished building: NUCLEO.bin
 
Finished building: NUCLEO.list
 
21:59:30 **** Incremental Build of configuration Debug for project NUCLEO ****
make -j4 all 
arm-none-eabi-gcc "../Core/Src/main.c" -mcpu=cortex-m4 -std=gnu11 -g3 -DDEBUG -DUSE_HAL_DRIVER -DSTM32F303xE -c -I../Drivers/STM32F3xx_HAL_Driver/Inc -I../Drivers/CMSIS/Include -I../Core/Inc -I../Drivers/STM32F3xx_HAL_Driver/Inc/Legacy -I../Drivers/CMSIS/Device/ST/STM32F3xx/Include -O0 -ffunction-sections -fdata-sections -Wall -fstack-usage -MMD -MP -MF"Core/Src/main.d" -MT"Core/Src/main.o" --specs=nano.specs -mfpu=fpv4-sp-d16 -mfloat-abi=hard -mthumb -o "Core/Src/main.o"
../Core/Src/main.c: In function 'HAL_RTCEx_WakeUpTimerEventCallback':
../Core/Src/main.c:120:6: warning: assignment to 'uint16_t *' {aka 'short unsigned int *'} from incompatible pointer type 'int *' [-Wincompatible-pointer-types]
  120 |   hr = &hour;
      |      ^
../Core/Src/main.c:115:11: warning: unused variable 'hours' [-Wunused-variable]
  115 |   uint8_t hours = sTime.Hours;
      |           ^~~~~
../Core/Src/main.c:108:10: warning: variable 'size' set but not used [-Wunused-but-set-variable]
  108 |   size_t size;
      |          ^~~~
../Core/Src/main.c: In function 'HAL_UART_RxCpltCallback':
../Core/Src/main.c:165:21: warning: pointer targets in passing argument 2 of 'strcpy' differ in signedness [-Wpointer-sign]
  165 |     strcpy(command, Rx_data);
      |                     ^~~~~~~
      |                     |
      |                     uint8_t * {aka unsigned char *}
In file included from ../Core/Src/main.c:32:
f:\stm32cubeide_1.7.0\stm32cubeide\stm32cubeide_1.7.0\stm32cubeide\plugins\com.st.stm32cube.ide.mcu.externaltools.gnu-tools-for-stm32.9-2020-q2-update.win32_2.0.0.202105311346\tools\arm-none-eabi\include\string.h:38:8: note: expected 'const char * restrict' but argument is of type 'uint8_t *' {aka 'unsigned char *'}
   38 | char  *strcpy (char *__restrict, const char *__restrict);
      |        ^~~~~~
../Core/Src/main.c:175:15: warning: pointer targets in passing argument 1 of 'sprintf' differ in signedness [-Wpointer-sign]
  175 |       sprintf(Tx_data, "Niepoprawna komenda\n");
      |               ^~~~~~~
      |               |
      |               uint8_t * {aka unsigned char *}
In file included from ../Core/Src/main.c:29:
f:\stm32cubeide_1.7.0\stm32cubeide\stm32cubeide_1.7.0\stm32cubeide\plugins\com.st.stm32cube.ide.mcu.externaltools.gnu-tools-for-stm32.9-2020-q2-update.win32_2.0.0.202105311346\tools\arm-none-eabi\include\stdio.h:244:14: note: expected 'char * restrict' but argument is of type 'uint8_t *' {aka 'unsigned char *'}
  244 | int sprintf (char *__restrict, const char *__restrict, ...)
      |              ^
../Core/Src/main.c: In function 'main':
../Core/Src/main.c:235:3: warning: braces around scalar initializer
  235 |   static GPIO_TypeDef* leds0[2] = {{BIA_GPIO_Port}, {BRO_GPIO_Port}};
      |   ^~~~~~
../Core/Src/main.c:235:3: note: (near initialization for 'leds0[0]')
../Core/Src/main.c:235:3: warning: braces around scalar initializer
../Core/Src/main.c:235:3: note: (near initialization for 'leds0[1]')
../Core/Src/main.c:236:3: warning: braces around scalar initializer
  236 |   static uint16_t leds0_pins[2] = {{BIA_Pin}, {BRO_Pin}};
      |   ^~~~~~
../Core/Src/main.c:236:3: note: (near initialization for 'leds0_pins[0]')
../Core/Src/main.c:236:3: warning: braces around scalar initializer
../Core/Src/main.c:236:3: note: (near initialization for 'leds0_pins[1]')
../Core/Src/main.c:241:11: warning: unused variable 'size' [-Wunused-variable]
  241 |   uint8_t size;
      |           ^~~~
../Core/Src/main.c:240:8: warning: unused variable 'mess' [-Wunused-variable]
  240 |   char mess[50];
      |        ^~~~
../Core/Src/main.c:236:19: warning: unused variable 'leds0_pins' [-Wunused-variable]
  236 |   static uint16_t leds0_pins[2] = {{BIA_Pin}, {BRO_Pin}};
      |                   ^~~~~~~~~~
At top level:
../Core/Src/main.c:236:19: warning: 'leds0_pins' defined but not used [-Wunused-variable]
arm-none-eabi-gcc -o "NUCLEO.elf" @"objects.list"   -mcpu=cortex-m4 -T"F:\cube ide\NUCLEO\STM32F303RETX_FLASH.ld" --specs=nosys.specs -Wl,-Map="NUCLEO.map" -Wl,--gc-sections -static --specs=nano.specs -mfpu=fpv4-sp-d16 -mfloat-abi=hard -mthumb -Wl,--start-group -lc -lm -Wl,--end-group
Finished building target: NUCLEO.elf
 
arm-none-eabi-size   NUCLEO.elf 
arm-none-eabi-objdump -h -S  NUCLEO.elf  > "NUCLEO.list"
arm-none-eabi-objcopy  -O binary  NUCLEO.elf  "NUCLEO.bin"
   text	   data	    bss	    dec	    hex	filename
  25480	    128	   2096	  27704	   6c38	NUCLEO.elf
Finished building: default.size.stdout
 
Finished building: NUCLEO.bin
 
Finished building: NUCLEO.list
 
21:59:32 **** Incremental Build of configuration Debug for project lab1 ****
make -j4 all 
arm-none-eabi-size   lab1.elf 
   text	   data	    bss	    dec	    hex	filename
  15100	     20	   1716	  16836	   41c4	lab1.elf
Finished building: default.size.stdout
 
22:00:20 **** Incremental Build of configuration Debug for project NUCLEO ****
make -j4 all 
arm-none-eabi-size   NUCLEO.elf 
   text	   data	    bss	    dec	    hex	filename
  25480	    128	   2096	  27704	   6c38	NUCLEO.elf
Finished building: default.size.stdout
 
22:20:31 **** Incremental Build of configuration Debug for project NUCLEO ****
make -j4 all 
arm-none-eabi-gcc "../Core/Src/main.c" -mcpu=cortex-m4 -std=gnu11 -g3 -DDEBUG -DUSE_HAL_DRIVER -DSTM32F303xE -c -I../Drivers/STM32F3xx_HAL_Driver/Inc -I../Drivers/CMSIS/Include -I../Core/Inc -I../Drivers/STM32F3xx_HAL_Driver/Inc/Legacy -I../Drivers/CMSIS/Device/ST/STM32F3xx/Include -O0 -ffunction-sections -fdata-sections -Wall -fstack-usage -MMD -MP -MF"Core/Src/main.d" -MT"Core/Src/main.o" --specs=nano.specs -mfpu=fpv4-sp-d16 -mfloat-abi=hard -mthumb -o "Core/Src/main.o"
arm-none-eabi-gcc "../Core/Src/stm32f3xx_it.c" -mcpu=cortex-m4 -std=gnu11 -g3 -DDEBUG -DUSE_HAL_DRIVER -DSTM32F303xE -c -I../Drivers/STM32F3xx_HAL_Driver/Inc -I../Drivers/CMSIS/Include -I../Core/Inc -I../Drivers/STM32F3xx_HAL_Driver/Inc/Legacy -I../Drivers/CMSIS/Device/ST/STM32F3xx/Include -O0 -ffunction-sections -fdata-sections -Wall -fstack-usage -MMD -MP -MF"Core/Src/stm32f3xx_it.d" -MT"Core/Src/stm32f3xx_it.o" --specs=nano.specs -mfpu=fpv4-sp-d16 -mfloat-abi=hard -mthumb -o "Core/Src/stm32f3xx_it.o"
../Core/Src/main.c: In function 'HAL_RTCEx_WakeUpTimerEventCallback':
../Core/Src/main.c:121:6: warning: assignment to 'uint16_t *' {aka 'short unsigned int *'} from incompatible pointer type 'int *' [-Wincompatible-pointer-types]
  121 |   hr = &hour;
      |      ^
../Core/Src/main.c:116:11: warning: unused variable 'hours' [-Wunused-variable]
  116 |   uint8_t hours = sTime.Hours;
      |           ^~~~~
../Core/Src/main.c:109:10: warning: variable 'size' set but not used [-Wunused-but-set-variable]
  109 |   size_t size;
      |          ^~~~
../Core/Src/main.c: In function 'HAL_UART_RxCpltCallback':
../Core/Src/main.c:178:22: warning: pointer targets in passing argument 2 of 'strcpy' differ in signedness [-Wpointer-sign]
  178 |      strcpy(command, Rx_data);
      |                      ^~~~~~~
      |                      |
      |                      uint8_t * {aka unsigned char *}
In file included from ../Core/Src/main.c:32:
f:\stm32cubeide_1.7.0\stm32cubeide\stm32cubeide_1.7.0\stm32cubeide\plugins\com.st.stm32cube.ide.mcu.externaltools.gnu-tools-for-stm32.9-2020-q2-update.win32_2.0.0.202105311346\tools\arm-none-eabi\include\string.h:38:8: note: expected 'const char * restrict' but argument is of type 'uint8_t *' {aka 'unsigned char *'}
   38 | char  *strcpy (char *__restrict, const char *__restrict);
      |        ^~~~~~
../Core/Src/main.c:197:15: warning: pointer targets in passing argument 1 of 'sprintf' differ in signedness [-Wpointer-sign]
  197 |       sprintf(Tx_data, "Niepoprawna komenda\n");
      |               ^~~~~~~
      |               |
      |               uint8_t * {aka unsigned char *}
In file included from ../Core/Src/main.c:29:
f:\stm32cubeide_1.7.0\stm32cubeide\stm32cubeide_1.7.0\stm32cubeide\plugins\com.st.stm32cube.ide.mcu.externaltools.gnu-tools-for-stm32.9-2020-q2-update.win32_2.0.0.202105311346\tools\arm-none-eabi\include\stdio.h:244:14: note: expected 'char * restrict' but argument is of type 'uint8_t *' {aka 'unsigned char *'}
  244 | int sprintf (char *__restrict, const char *__restrict, ...)
      |              ^
../Core/Src/main.c: In function 'main':
../Core/Src/main.c:259:3: warning: braces around scalar initializer
  259 |   static GPIO_TypeDef* leds0[2] = {{BIA_GPIO_Port}, {BRO_GPIO_Port}};
      |   ^~~~~~
../Core/Src/main.c:259:3: note: (near initialization for 'leds0[0]')
../Core/Src/main.c:259:3: warning: braces around scalar initializer
../Core/Src/main.c:259:3: note: (near initialization for 'leds0[1]')
../Core/Src/main.c:260:3: warning: braces around scalar initializer
  260 |   static uint16_t leds0_pins[2] = {{BIA_Pin}, {BRO_Pin}};
      |   ^~~~~~
../Core/Src/main.c:260:3: note: (near initialization for 'leds0_pins[0]')
../Core/Src/main.c:260:3: warning: braces around scalar initializer
../Core/Src/main.c:260:3: note: (near initialization for 'leds0_pins[1]')
../Core/Src/main.c:265:11: warning: unused variable 'size' [-Wunused-variable]
  265 |   uint8_t size;
      |           ^~~~
../Core/Src/main.c:264:8: warning: unused variable 'mess' [-Wunused-variable]
  264 |   char mess[50];
      |        ^~~~
../Core/Src/main.c:260:19: warning: unused variable 'leds0_pins' [-Wunused-variable]
  260 |   static uint16_t leds0_pins[2] = {{BIA_Pin}, {BRO_Pin}};
      |                   ^~~~~~~~~~
At top level:
../Core/Src/main.c:260:19: warning: 'leds0_pins' defined but not used [-Wunused-variable]
arm-none-eabi-gcc -o "NUCLEO.elf" @"objects.list"   -mcpu=cortex-m4 -T"F:\cube ide\NUCLEO\STM32F303RETX_FLASH.ld" --specs=nosys.specs -Wl,-Map="NUCLEO.map" -Wl,--gc-sections -static --specs=nano.specs -mfpu=fpv4-sp-d16 -mfloat-abi=hard -mthumb -Wl,--start-group -lc -lm -Wl,--end-group
Finished building target: NUCLEO.elf
 
arm-none-eabi-size   NUCLEO.elf 
arm-none-eabi-objdump -h -S  NUCLEO.elf  > "NUCLEO.list"
arm-none-eabi-objcopy  -O binary  NUCLEO.elf  "NUCLEO.bin"
   text	   data	    bss	    dec	    hex	filename
  25564	    128	   2104	  27796	   6c94	NUCLEO.elf
Finished building: default.size.stdout
 
Finished building: NUCLEO.bin
 
Finished building: NUCLEO.list
 
22:20:34 **** Incremental Build of configuration Debug for project lab1 ****
make -j4 all 
arm-none-eabi-size   lab1.elf 
   text	   data	    bss	    dec	    hex	filename
  15100	     20	   1716	  16836	   41c4	lab1.elf
Finished building: default.size.stdout
 
22:20:39 **** Incremental Build of configuration Debug for project NUCLEO ****
make -j4 all 
arm-none-eabi-size   NUCLEO.elf 
   text	   data	    bss	    dec	    hex	filename
  25564	    128	   2104	  27796	   6c94	NUCLEO.elf
Finished building: default.size.stdout
 
22:22:02 **** Incremental Build of configuration Debug for project NUCLEO ****
make -j4 all 
arm-none-eabi-gcc "../Core/Src/main.c" -mcpu=cortex-m4 -std=gnu11 -g3 -DDEBUG -DUSE_HAL_DRIVER -DSTM32F303xE -c -I../Drivers/STM32F3xx_HAL_Driver/Inc -I../Drivers/CMSIS/Include -I../Core/Inc -I../Drivers/STM32F3xx_HAL_Driver/Inc/Legacy -I../Drivers/CMSIS/Device/ST/STM32F3xx/Include -O0 -ffunction-sections -fdata-sections -Wall -fstack-usage -MMD -MP -MF"Core/Src/main.d" -MT"Core/Src/main.o" --specs=nano.specs -mfpu=fpv4-sp-d16 -mfloat-abi=hard -mthumb -o "Core/Src/main.o"
../Core/Src/main.c: In function 'HAL_RTCEx_WakeUpTimerEventCallback':
../Core/Src/main.c:121:6: warning: assignment to 'uint16_t *' {aka 'short unsigned int *'} from incompatible pointer type 'int *' [-Wincompatible-pointer-types]
  121 |   hr = &hour;
      |      ^
../Core/Src/main.c:116:11: warning: unused variable 'hours' [-Wunused-variable]
  116 |   uint8_t hours = sTime.Hours;
      |           ^~~~~
../Core/Src/main.c:109:10: warning: variable 'size' set but not used [-Wunused-but-set-variable]
  109 |   size_t size;
      |          ^~~~
../Core/Src/main.c: In function 'HAL_UART_RxCpltCallback':
../Core/Src/main.c:178:22: warning: pointer targets in passing argument 2 of 'strcpy' differ in signedness [-Wpointer-sign]
  178 |      strcpy(command, Rx_data);
      |                      ^~~~~~~
      |                      |
      |                      uint8_t * {aka unsigned char *}
In file included from ../Core/Src/main.c:32:
f:\stm32cubeide_1.7.0\stm32cubeide\stm32cubeide_1.7.0\stm32cubeide\plugins\com.st.stm32cube.ide.mcu.externaltools.gnu-tools-for-stm32.9-2020-q2-update.win32_2.0.0.202105311346\tools\arm-none-eabi\include\string.h:38:8: note: expected 'const char * restrict' but argument is of type 'uint8_t *' {aka 'unsigned char *'}
   38 | char  *strcpy (char *__restrict, const char *__restrict);
      |        ^~~~~~
../Core/Src/main.c:197:15: warning: pointer targets in passing argument 1 of 'sprintf' differ in signedness [-Wpointer-sign]
  197 |       sprintf(Tx_data, "Niepoprawna komenda\n");
      |               ^~~~~~~
      |               |
      |               uint8_t * {aka unsigned char *}
In file included from ../Core/Src/main.c:29:
f:\stm32cubeide_1.7.0\stm32cubeide\stm32cubeide_1.7.0\stm32cubeide\plugins\com.st.stm32cube.ide.mcu.externaltools.gnu-tools-for-stm32.9-2020-q2-update.win32_2.0.0.202105311346\tools\arm-none-eabi\include\stdio.h:244:14: note: expected 'char * restrict' but argument is of type 'uint8_t *' {aka 'unsigned char *'}
  244 | int sprintf (char *__restrict, const char *__restrict, ...)
      |              ^
../Core/Src/main.c: In function 'main':
../Core/Src/main.c:259:3: warning: braces around scalar initializer
  259 |   static GPIO_TypeDef* leds0[2] = {{BIA_GPIO_Port}, {BRO_GPIO_Port}};
      |   ^~~~~~
../Core/Src/main.c:259:3: note: (near initialization for 'leds0[0]')
../Core/Src/main.c:259:3: warning: braces around scalar initializer
../Core/Src/main.c:259:3: note: (near initialization for 'leds0[1]')
../Core/Src/main.c:260:3: warning: braces around scalar initializer
  260 |   static uint16_t leds0_pins[2] = {{BIA_Pin}, {BRO_Pin}};
      |   ^~~~~~
../Core/Src/main.c:260:3: note: (near initialization for 'leds0_pins[0]')
../Core/Src/main.c:260:3: warning: braces around scalar initializer
../Core/Src/main.c:260:3: note: (near initialization for 'leds0_pins[1]')
../Core/Src/main.c:265:11: warning: unused variable 'size' [-Wunused-variable]
  265 |   uint8_t size;
      |           ^~~~
../Core/Src/main.c:264:8: warning: unused variable 'mess' [-Wunused-variable]
  264 |   char mess[50];
      |        ^~~~
../Core/Src/main.c:260:19: warning: unused variable 'leds0_pins' [-Wunused-variable]
  260 |   static uint16_t leds0_pins[2] = {{BIA_Pin}, {BRO_Pin}};
      |                   ^~~~~~~~~~
At top level:
../Core/Src/main.c:260:19: warning: 'leds0_pins' defined but not used [-Wunused-variable]
arm-none-eabi-gcc -o "NUCLEO.elf" @"objects.list"   -mcpu=cortex-m4 -T"F:\cube ide\NUCLEO\STM32F303RETX_FLASH.ld" --specs=nosys.specs -Wl,-Map="NUCLEO.map" -Wl,--gc-sections -static --specs=nano.specs -mfpu=fpv4-sp-d16 -mfloat-abi=hard -mthumb -Wl,--start-group -lc -lm -Wl,--end-group
Finished building target: NUCLEO.elf
 
arm-none-eabi-size   NUCLEO.elf 
arm-none-eabi-objdump -h -S  NUCLEO.elf  > "NUCLEO.list"
arm-none-eabi-objcopy  -O binary  NUCLEO.elf  "NUCLEO.bin"
   text	   data	    bss	    dec	    hex	filename
  25560	    128	   2104	  27792	   6c90	NUCLEO.elf
Finished building: default.size.stdout
 
Finished building: NUCLEO.bin
 
Finished building: NUCLEO.list
 
